<?xml version="1.0" encoding="UTF-8"?>
<!-- Generated by org.testng.reporters.JUnitReportReporter -->
<testsuite skipped="2" hostname="PramodD" name="com.pro.MCLogin" tests="4" failures="0" timestamp="14 Mar 2019 18:27:58 GMT" time="50.143" errors="0">
  <testcase name="BeforeLoginFAQ" time="0.709" classname="com.pro.MCLogin"/>
  <testcase name="LaunchUrl" time="49.434" classname="com.pro.MCLogin"/>
  <testcase name="BeforeLoginPrivacyStatement" classname="com.pro.MCLogin">
    <skipped/>
  </testcase> <!-- BeforeLoginPrivacyStatement -->
  <testcase name="LoginSubmission" classname="com.pro.MCLogin">
    <skipped/>
  </testcase> <!-- LoginSubmission -->
</testsuite> <!-- com.pro.MCLogin -->
