<?xml version="1.0" encoding="UTF-8"?>
<!-- Generated by org.testng.reporters.JUnitReportReporter -->
<testsuite skipped="0" hostname="PramodD" name="com.pro.Day1" tests="1" failures="0" timestamp="13 Mar 2019 10:58:28 GMT" time="0.027" errors="0">
  <testcase name="Demo" time="0.027" classname="com.pro.Day1"/>
</testsuite> <!-- com.pro.Day1 -->
